2025-03-16 20:14:57,091 [Worker-4: Loading available Gradle versions] INFO  o.e.b.c.i.u.g.PublishedGradleVersions - Gradle version information cache is up-to-date. Trying to read.
2025-03-16 20:24:31,528 [Worker-15: ビルド] INFO  o.e.m.c.i.l.LifecycleMappingFactory - Using org.eclipse.m2e.jdt.JarLifecycleMapping lifecycle mapping for MavenProject: com.example:samuraitravel:0.0.1-SNAPSHOT @ C:\pleiades\2023-12\kadai_003\kadai_003\samuraitravel\pom.xml.
2025-03-16 20:24:36,507 [Worker-15: ビルド] INFO  o.a.m.s.f.DefaultMavenResourcesFiltering - Copying 2 resources from src\main\resources to target\classes
2025-03-16 20:24:36,541 [Worker-15: ビルド] INFO  o.a.m.s.f.DefaultMavenResourcesFiltering - Copying 42 resources from src\main\resources to target\classes
2025-03-16 20:24:36,631 [Worker-15: ビルド] INFO  o.a.m.s.f.DefaultMavenResourcesFiltering - skip non existing resourceDirectory C:\pleiades\2023-12\kadai_003\kadai_003\samuraitravel\src\test\resources
2025-03-16 20:46:20,100 [Worker-6: Loading available Gradle versions] INFO  o.e.b.c.i.u.g.PublishedGradleVersions - Gradle version information cache is up-to-date. Trying to read.
2025-03-16 20:53:05,951 [Worker-6: Loading available Gradle versions] INFO  o.e.b.c.i.u.g.PublishedGradleVersions - Gradle version information cache is up-to-date. Trying to read.
2025-03-16 21:34:07,455 [Worker-9: ビルド] INFO  o.a.m.s.f.DefaultMavenResourcesFiltering - Copying 2 resources from src\main\resources to target\classes
2025-03-16 21:34:07,514 [Worker-9: ビルド] INFO  o.a.m.s.f.DefaultMavenResourcesFiltering - Copying 42 resources from src\main\resources to target\classes
2025-03-16 21:34:07,606 [Worker-9: ビルド] INFO  o.a.m.s.f.DefaultMavenResourcesFiltering - skip non existing resourceDirectory C:\pleiades\2023-12\kadai_003\kadai_003\samuraitravel\src\test\resources
2025-03-16 21:51:25,932 [Worker-16: ビルド] INFO  o.a.m.s.f.DefaultMavenResourcesFiltering - Copying 0 resource from src\main\resources to target\classes
2025-03-16 21:51:25,944 [Worker-16: ビルド] INFO  o.a.m.s.f.DefaultMavenResourcesFiltering - Copying 1 resource from src\main\resources to target\classes
2025-03-16 21:51:25,957 [Worker-16: ビルド] INFO  o.a.m.s.f.DefaultMavenResourcesFiltering - skip non existing resourceDirectory C:\pleiades\2023-12\kadai_003\kadai_003\samuraitravel\src\test\resources
2025-03-16 21:52:21,648 [Worker-17: ビルド] INFO  o.a.m.s.f.DefaultMavenResourcesFiltering - Copying 0 resource from src\main\resources to target\classes
2025-03-16 21:52:21,657 [Worker-17: ビルド] INFO  o.a.m.s.f.DefaultMavenResourcesFiltering - Copying 1 resource from src\main\resources to target\classes
2025-03-16 21:52:21,663 [Worker-17: ビルド] INFO  o.a.m.s.f.DefaultMavenResourcesFiltering - skip non existing resourceDirectory C:\pleiades\2023-12\kadai_003\kadai_003\samuraitravel\src\test\resources
2025-03-16 21:57:35,376 [Worker-18: ビルド] INFO  o.a.m.s.f.DefaultMavenResourcesFiltering - Copying 0 resource from src\main\resources to target\classes
2025-03-16 21:57:35,385 [Worker-18: ビルド] INFO  o.a.m.s.f.DefaultMavenResourcesFiltering - Copying 1 resource from src\main\resources to target\classes
2025-03-16 21:57:35,392 [Worker-18: ビルド] INFO  o.a.m.s.f.DefaultMavenResourcesFiltering - skip non existing resourceDirectory C:\pleiades\2023-12\kadai_003\kadai_003\samuraitravel\src\test\resources
2025-03-16 22:18:41,375 [Worker-12: ビルド] INFO  o.a.m.s.f.DefaultMavenResourcesFiltering - Copying 0 resource from src\main\resources to target\classes
2025-03-16 22:18:41,385 [Worker-12: ビルド] INFO  o.a.m.s.f.DefaultMavenResourcesFiltering - Copying 1 resource from src\main\resources to target\classes
2025-03-16 22:18:41,394 [Worker-12: ビルド] INFO  o.a.m.s.f.DefaultMavenResourcesFiltering - skip non existing resourceDirectory C:\pleiades\2023-12\kadai_003\kadai_003\samuraitravel\src\test\resources
2025-03-16 22:21:34,996 [Worker-12: ビルド] INFO  o.a.m.s.f.DefaultMavenResourcesFiltering - Copying 2 resources from src\main\resources to target\classes
2025-03-16 22:21:35,037 [Worker-12: ビルド] INFO  o.a.m.s.f.DefaultMavenResourcesFiltering - Copying 42 resources from src\main\resources to target\classes
2025-03-16 22:21:35,084 [Worker-12: ビルド] INFO  o.a.m.s.f.DefaultMavenResourcesFiltering - skip non existing resourceDirectory C:\pleiades\2023-12\kadai_003\kadai_003\samuraitravel\src\test\resources
2025-03-16 22:26:19,836 [Worker-24: ビルド] INFO  o.a.m.s.f.DefaultMavenResourcesFiltering - Copying 2 resources from src\main\resources to target\classes
2025-03-16 22:26:19,858 [Worker-24: ビルド] INFO  o.a.m.s.f.DefaultMavenResourcesFiltering - Copying 42 resources from src\main\resources to target\classes
2025-03-16 22:26:19,884 [Worker-24: ビルド] INFO  o.a.m.s.f.DefaultMavenResourcesFiltering - skip non existing resourceDirectory C:\pleiades\2023-12\kadai_003\kadai_003\samuraitravel\src\test\resources
2025-03-16 22:31:23,803 [Worker-18: ビルド] INFO  o.a.m.s.f.DefaultMavenResourcesFiltering - Copying 2 resources from src\main\resources to target\classes
2025-03-16 22:31:23,828 [Worker-18: ビルド] INFO  o.a.m.s.f.DefaultMavenResourcesFiltering - Copying 42 resources from src\main\resources to target\classes
2025-03-16 22:31:23,861 [Worker-18: ビルド] INFO  o.a.m.s.f.DefaultMavenResourcesFiltering - skip non existing resourceDirectory C:\pleiades\2023-12\kadai_003\kadai_003\samuraitravel\src\test\resources
2025-03-16 22:32:18,878 [Worker-16: ビルド] INFO  o.a.m.s.f.DefaultMavenResourcesFiltering - Copying 2 resources from src\main\resources to target\classes
2025-03-16 22:32:18,897 [Worker-16: ビルド] INFO  o.a.m.s.f.DefaultMavenResourcesFiltering - Copying 42 resources from src\main\resources to target\classes
2025-03-16 22:32:18,930 [Worker-16: ビルド] INFO  o.a.m.s.f.DefaultMavenResourcesFiltering - skip non existing resourceDirectory C:\pleiades\2023-12\kadai_003\kadai_003\samuraitravel\src\test\resources
2025-03-17 08:24:32,316 [Worker-23: ビルド] INFO  o.a.m.s.f.DefaultMavenResourcesFiltering - Copying 2 resources from src\main\resources to target\classes
2025-03-17 08:24:32,360 [Worker-23: ビルド] INFO  o.a.m.s.f.DefaultMavenResourcesFiltering - Copying 42 resources from src\main\resources to target\classes
2025-03-17 08:24:32,385 [Worker-23: ビルド] INFO  o.a.m.s.f.DefaultMavenResourcesFiltering - skip non existing resourceDirectory C:\pleiades\2023-12\kadai_003\kadai_003\samuraitravel\src\test\resources
2025-03-17 08:26:37,127 [Worker-29: ビルド] INFO  o.a.m.s.f.DefaultMavenResourcesFiltering - Copying 2 resources from src\main\resources to target\classes
2025-03-17 08:26:37,152 [Worker-29: ビルド] INFO  o.a.m.s.f.DefaultMavenResourcesFiltering - Copying 42 resources from src\main\resources to target\classes
2025-03-17 08:26:37,176 [Worker-29: ビルド] INFO  o.a.m.s.f.DefaultMavenResourcesFiltering - skip non existing resourceDirectory C:\pleiades\2023-12\kadai_003\kadai_003\samuraitravel\src\test\resources
2025-03-17 08:28:53,811 [Worker-31: ビルド] INFO  o.a.m.s.f.DefaultMavenResourcesFiltering - Copying 2 resources from src\main\resources to target\classes
2025-03-17 08:28:53,833 [Worker-31: ビルド] INFO  o.a.m.s.f.DefaultMavenResourcesFiltering - Copying 42 resources from src\main\resources to target\classes
2025-03-17 08:28:53,851 [Worker-31: ビルド] INFO  o.a.m.s.f.DefaultMavenResourcesFiltering - skip non existing resourceDirectory C:\pleiades\2023-12\kadai_003\kadai_003\samuraitravel\src\test\resources
2025-03-17 08:29:16,152 [Worker-23: ビルド] INFO  o.a.m.s.f.DefaultMavenResourcesFiltering - Copying 2 resources from src\main\resources to target\classes
2025-03-17 08:29:16,180 [Worker-23: ビルド] INFO  o.a.m.s.f.DefaultMavenResourcesFiltering - Copying 42 resources from src\main\resources to target\classes
2025-03-17 08:29:16,209 [Worker-23: ビルド] INFO  o.a.m.s.f.DefaultMavenResourcesFiltering - skip non existing resourceDirectory C:\pleiades\2023-12\kadai_003\kadai_003\samuraitravel\src\test\resources
2025-03-17 08:31:43,583 [Worker-26: ビルド] INFO  o.a.m.s.f.DefaultMavenResourcesFiltering - Copying 2 resources from src\main\resources to target\classes
2025-03-17 08:31:43,602 [Worker-26: ビルド] INFO  o.a.m.s.f.DefaultMavenResourcesFiltering - Copying 42 resources from src\main\resources to target\classes
2025-03-17 08:31:43,622 [Worker-26: ビルド] INFO  o.a.m.s.f.DefaultMavenResourcesFiltering - skip non existing resourceDirectory C:\pleiades\2023-12\kadai_003\kadai_003\samuraitravel\src\test\resources
2025-03-17 08:33:54,019 [Worker-23: ビルド] INFO  o.a.m.s.f.DefaultMavenResourcesFiltering - Copying 2 resources from src\main\resources to target\classes
2025-03-17 08:33:54,037 [Worker-23: ビルド] INFO  o.a.m.s.f.DefaultMavenResourcesFiltering - Copying 42 resources from src\main\resources to target\classes
2025-03-17 08:33:54,056 [Worker-23: ビルド] INFO  o.a.m.s.f.DefaultMavenResourcesFiltering - skip non existing resourceDirectory C:\pleiades\2023-12\kadai_003\kadai_003\samuraitravel\src\test\resources
2025-03-20 18:02:59,370 [Worker-10: ビルド] INFO  o.a.m.s.f.DefaultMavenResourcesFiltering - Copying 2 resources from src\main\resources to target\classes
2025-03-20 18:02:59,461 [Worker-10: ビルド] INFO  o.a.m.s.f.DefaultMavenResourcesFiltering - Copying 42 resources from src\main\resources to target\classes
2025-03-20 18:02:59,493 [Worker-10: ビルド] INFO  o.a.m.s.f.DefaultMavenResourcesFiltering - skip non existing resourceDirectory C:\pleiades\2023-12\kadai_003\kadai_003\samuraitravel\src\test\resources
2025-03-20 18:04:02,929 [Worker-11: ビルド] INFO  o.a.m.s.f.DefaultMavenResourcesFiltering - Copying 2 resources from src\main\resources to target\classes
2025-03-20 18:04:02,949 [Worker-11: ビルド] INFO  o.a.m.s.f.DefaultMavenResourcesFiltering - Copying 42 resources from src\main\resources to target\classes
2025-03-20 18:04:02,976 [Worker-11: ビルド] INFO  o.a.m.s.f.DefaultMavenResourcesFiltering - skip non existing resourceDirectory C:\pleiades\2023-12\kadai_003\kadai_003\samuraitravel\src\test\resources
2025-03-20 18:04:36,269 [Worker-6: Loading available Gradle versions] INFO  o.e.b.c.i.u.g.PublishedGradleVersions - Gradle version information cache is out-of-date. Trying to update.
2025-03-20 18:04:51,439 [Worker-6: ビルド] INFO  o.a.m.s.f.DefaultMavenResourcesFiltering - Copying 2 resources from src\main\resources to target\classes
2025-03-20 18:04:51,457 [Worker-6: ビルド] INFO  o.a.m.s.f.DefaultMavenResourcesFiltering - Copying 42 resources from src\main\resources to target\classes
2025-03-20 18:04:51,484 [Worker-6: ビルド] INFO  o.a.m.s.f.DefaultMavenResourcesFiltering - skip non existing resourceDirectory C:\pleiades\2023-12\kadai_003\kadai_003\samuraitravel\src\test\resources
2025-03-20 18:12:14,670 [Worker-3: ビルド] INFO  o.a.m.s.f.DefaultMavenResourcesFiltering - Copying 2 resources from src\main\resources to target\classes
2025-03-20 18:12:14,692 [Worker-3: ビルド] INFO  o.a.m.s.f.DefaultMavenResourcesFiltering - Copying 42 resources from src\main\resources to target\classes
2025-03-20 18:12:14,718 [Worker-3: ビルド] INFO  o.a.m.s.f.DefaultMavenResourcesFiltering - skip non existing resourceDirectory C:\pleiades\2023-12\kadai_003\kadai_003\samuraitravel\src\test\resources
2025-03-20 18:13:03,976 [Worker-4: ビルド] INFO  o.a.m.s.f.DefaultMavenResourcesFiltering - Copying 2 resources from src\main\resources to target\classes
2025-03-20 18:13:04,021 [Worker-4: ビルド] INFO  o.a.m.s.f.DefaultMavenResourcesFiltering - Copying 42 resources from src\main\resources to target\classes
2025-03-20 18:13:04,046 [Worker-4: ビルド] INFO  o.a.m.s.f.DefaultMavenResourcesFiltering - skip non existing resourceDirectory C:\pleiades\2023-12\kadai_003\kadai_003\samuraitravel\src\test\resources
2025-03-20 18:14:23,745 [Worker-4: ビルド] INFO  o.a.m.s.f.DefaultMavenResourcesFiltering - Copying 2 resources from src\main\resources to target\classes
2025-03-20 18:14:23,793 [Worker-4: ビルド] INFO  o.a.m.s.f.DefaultMavenResourcesFiltering - Copying 42 resources from src\main\resources to target\classes
2025-03-20 18:14:23,822 [Worker-4: ビルド] INFO  o.a.m.s.f.DefaultMavenResourcesFiltering - skip non existing resourceDirectory C:\pleiades\2023-12\kadai_003\kadai_003\samuraitravel\src\test\resources
2025-03-20 18:19:12,700 [Worker-4: ビルド] INFO  o.a.m.s.f.DefaultMavenResourcesFiltering - Copying 2 resources from src\main\resources to target\classes
2025-03-20 18:19:12,725 [Worker-4: ビルド] INFO  o.a.m.s.f.DefaultMavenResourcesFiltering - Copying 42 resources from src\main\resources to target\classes
2025-03-20 18:19:12,752 [Worker-4: ビルド] INFO  o.a.m.s.f.DefaultMavenResourcesFiltering - skip non existing resourceDirectory C:\pleiades\2023-12\kadai_003\kadai_003\samuraitravel\src\test\resources
2025-03-20 18:21:36,981 [Worker-0: ビルド] INFO  o.a.m.s.f.DefaultMavenResourcesFiltering - Copying 2 resources from src\main\resources to target\classes
2025-03-20 18:21:37,040 [Worker-0: ビルド] INFO  o.a.m.s.f.DefaultMavenResourcesFiltering - Copying 42 resources from src\main\resources to target\classes
2025-03-20 18:21:37,077 [Worker-0: ビルド] INFO  o.a.m.s.f.DefaultMavenResourcesFiltering - skip non existing resourceDirectory C:\pleiades\2023-12\kadai_003\kadai_003\samuraitravel\src\test\resources
2025-03-20 18:22:55,118 [Worker-11: ビルド] INFO  o.a.m.s.f.DefaultMavenResourcesFiltering - Copying 2 resources from src\main\resources to target\classes
2025-03-20 18:22:55,138 [Worker-11: ビルド] INFO  o.a.m.s.f.DefaultMavenResourcesFiltering - Copying 42 resources from src\main\resources to target\classes
2025-03-20 18:22:55,171 [Worker-11: ビルド] INFO  o.a.m.s.f.DefaultMavenResourcesFiltering - skip non existing resourceDirectory C:\pleiades\2023-12\kadai_003\kadai_003\samuraitravel\src\test\resources
2025-03-20 18:36:46,138 [Worker-11: ビルド] INFO  o.a.m.s.f.DefaultMavenResourcesFiltering - Copying 0 resource from src\main\resources to target\classes
2025-03-20 18:36:46,159 [Worker-11: ビルド] INFO  o.a.m.s.f.DefaultMavenResourcesFiltering - Copying 1 resource from src\main\resources to target\classes
2025-03-20 18:36:46,182 [Worker-11: ビルド] INFO  o.a.m.s.f.DefaultMavenResourcesFiltering - skip non existing resourceDirectory C:\pleiades\2023-12\kadai_003\kadai_003\samuraitravel\src\test\resources
2025-03-20 18:47:28,595 [Worker-11: ビルド] INFO  o.a.m.s.f.DefaultMavenResourcesFiltering - Copying 0 resource from src\main\resources to target\classes
2025-03-20 18:47:28,616 [Worker-11: ビルド] INFO  o.a.m.s.f.DefaultMavenResourcesFiltering - Copying 1 resource from src\main\resources to target\classes
2025-03-20 18:47:28,626 [Worker-11: ビルド] INFO  o.a.m.s.f.DefaultMavenResourcesFiltering - skip non existing resourceDirectory C:\pleiades\2023-12\kadai_003\kadai_003\samuraitravel\src\test\resources
2025-03-20 18:50:59,088 [Worker-11: ビルド] INFO  o.a.m.s.f.DefaultMavenResourcesFiltering - Copying 0 resource from src\main\resources to target\classes
2025-03-20 18:50:59,107 [Worker-11: ビルド] INFO  o.a.m.s.f.DefaultMavenResourcesFiltering - Copying 1 resource from src\main\resources to target\classes
2025-03-20 18:50:59,121 [Worker-11: ビルド] INFO  o.a.m.s.f.DefaultMavenResourcesFiltering - skip non existing resourceDirectory C:\pleiades\2023-12\kadai_003\kadai_003\samuraitravel\src\test\resources
2025-03-20 18:53:19,981 [Worker-15: ビルド] INFO  o.a.m.s.f.DefaultMavenResourcesFiltering - Copying 0 resource from src\main\resources to target\classes
2025-03-20 18:53:19,991 [Worker-15: ビルド] INFO  o.a.m.s.f.DefaultMavenResourcesFiltering - Copying 1 resource from src\main\resources to target\classes
2025-03-20 18:53:19,998 [Worker-15: ビルド] INFO  o.a.m.s.f.DefaultMavenResourcesFiltering - skip non existing resourceDirectory C:\pleiades\2023-12\kadai_003\kadai_003\samuraitravel\src\test\resources
2025-03-20 18:55:51,284 [Worker-18: ビルド] INFO  o.a.m.s.f.DefaultMavenResourcesFiltering - Copying 0 resource from src\main\resources to target\classes
2025-03-20 18:55:51,296 [Worker-18: ビルド] INFO  o.a.m.s.f.DefaultMavenResourcesFiltering - Copying 1 resource from src\main\resources to target\classes
2025-03-20 18:55:51,308 [Worker-18: ビルド] INFO  o.a.m.s.f.DefaultMavenResourcesFiltering - skip non existing resourceDirectory C:\pleiades\2023-12\kadai_003\kadai_003\samuraitravel\src\test\resources
2025-03-20 18:56:06,667 [Worker-16: ビルド] INFO  o.a.m.s.f.DefaultMavenResourcesFiltering - Copying 0 resource from src\main\resources to target\classes
2025-03-20 18:56:06,686 [Worker-16: ビルド] INFO  o.a.m.s.f.DefaultMavenResourcesFiltering - Copying 1 resource from src\main\resources to target\classes
2025-03-20 18:56:06,697 [Worker-16: ビルド] INFO  o.a.m.s.f.DefaultMavenResourcesFiltering - skip non existing resourceDirectory C:\pleiades\2023-12\kadai_003\kadai_003\samuraitravel\src\test\resources
2025-03-20 19:03:14,955 [Worker-19: ビルド] INFO  o.a.m.s.f.DefaultMavenResourcesFiltering - Copying 0 resource from src\main\resources to target\classes
2025-03-20 19:03:14,964 [Worker-19: ビルド] INFO  o.a.m.s.f.DefaultMavenResourcesFiltering - Copying 1 resource from src\main\resources to target\classes
2025-03-20 19:03:14,972 [Worker-19: ビルド] INFO  o.a.m.s.f.DefaultMavenResourcesFiltering - skip non existing resourceDirectory C:\pleiades\2023-12\kadai_003\kadai_003\samuraitravel\src\test\resources
2025-03-20 19:19:09,828 [Worker-11: ビルド] INFO  o.a.m.s.f.DefaultMavenResourcesFiltering - Copying 2 resources from src\main\resources to target\classes
2025-03-20 19:19:09,865 [Worker-11: ビルド] INFO  o.a.m.s.f.DefaultMavenResourcesFiltering - Copying 43 resources from src\main\resources to target\classes
2025-03-20 19:19:09,885 [Worker-11: ビルド] INFO  o.a.m.s.f.DefaultMavenResourcesFiltering - skip non existing resourceDirectory C:\pleiades\2023-12\kadai_003\kadai_003\samuraitravel\src\test\resources
2025-03-20 19:20:12,494 [Worker-11: ビルド] INFO  o.a.m.s.f.DefaultMavenResourcesFiltering - Copying 2 resources from src\main\resources to target\classes
2025-03-20 19:20:12,545 [Worker-11: ビルド] INFO  o.a.m.s.f.DefaultMavenResourcesFiltering - Copying 43 resources from src\main\resources to target\classes
2025-03-20 19:20:12,569 [Worker-11: ビルド] INFO  o.a.m.s.f.DefaultMavenResourcesFiltering - skip non existing resourceDirectory C:\pleiades\2023-12\kadai_003\kadai_003\samuraitravel\src\test\resources
2025-03-20 19:34:13,782 [Worker-18: ビルド] INFO  o.a.m.s.f.DefaultMavenResourcesFiltering - Copying 2 resources from src\main\resources to target\classes
2025-03-20 19:34:13,826 [Worker-18: ビルド] INFO  o.a.m.s.f.DefaultMavenResourcesFiltering - Copying 43 resources from src\main\resources to target\classes
2025-03-20 19:34:13,917 [Worker-18: ビルド] INFO  o.a.m.s.f.DefaultMavenResourcesFiltering - skip non existing resourceDirectory C:\pleiades\2023-12\kadai_003\kadai_003\samuraitravel\src\test\resources
2025-03-20 20:49:27,424 [Worker-24: ビルド] INFO  o.a.m.s.f.DefaultMavenResourcesFiltering - Copying 2 resources from src\main\resources to target\classes
2025-03-20 20:49:27,444 [Worker-24: ビルド] INFO  o.a.m.s.f.DefaultMavenResourcesFiltering - Copying 43 resources from src\main\resources to target\classes
2025-03-20 20:49:27,465 [Worker-24: ビルド] INFO  o.a.m.s.f.DefaultMavenResourcesFiltering - skip non existing resourceDirectory C:\pleiades\2023-12\kadai_003\kadai_003\samuraitravel\src\test\resources
2025-03-20 20:50:16,142 [Worker-24: ビルド] INFO  o.a.m.s.f.DefaultMavenResourcesFiltering - Copying 2 resources from src\main\resources to target\classes
2025-03-20 20:50:16,165 [Worker-24: ビルド] INFO  o.a.m.s.f.DefaultMavenResourcesFiltering - Copying 43 resources from src\main\resources to target\classes
2025-03-20 20:50:16,192 [Worker-24: ビルド] INFO  o.a.m.s.f.DefaultMavenResourcesFiltering - skip non existing resourceDirectory C:\pleiades\2023-12\kadai_003\kadai_003\samuraitravel\src\test\resources
2025-03-20 20:54:15,315 [Worker-24: ビルド] INFO  o.a.m.s.f.DefaultMavenResourcesFiltering - Copying 2 resources from src\main\resources to target\classes
2025-03-20 20:54:15,336 [Worker-24: ビルド] INFO  o.a.m.s.f.DefaultMavenResourcesFiltering - Copying 43 resources from src\main\resources to target\classes
2025-03-20 20:54:15,383 [Worker-24: ビルド] INFO  o.a.m.s.f.DefaultMavenResourcesFiltering - skip non existing resourceDirectory C:\pleiades\2023-12\kadai_003\kadai_003\samuraitravel\src\test\resources
2025-03-20 20:55:41,745 [Worker-24: ビルド] INFO  o.a.m.s.f.DefaultMavenResourcesFiltering - Copying 2 resources from src\main\resources to target\classes
2025-03-20 20:55:41,817 [Worker-24: ビルド] INFO  o.a.m.s.f.DefaultMavenResourcesFiltering - Copying 43 resources from src\main\resources to target\classes
2025-03-20 20:55:41,843 [Worker-24: ビルド] INFO  o.a.m.s.f.DefaultMavenResourcesFiltering - skip non existing resourceDirectory C:\pleiades\2023-12\kadai_003\kadai_003\samuraitravel\src\test\resources
2025-03-20 20:57:25,445 [Worker-26: ビルド] INFO  o.a.m.s.f.DefaultMavenResourcesFiltering - Copying 2 resources from src\main\resources to target\classes
2025-03-20 20:57:25,467 [Worker-26: ビルド] INFO  o.a.m.s.f.DefaultMavenResourcesFiltering - Copying 43 resources from src\main\resources to target\classes
2025-03-20 20:57:25,490 [Worker-26: ビルド] INFO  o.a.m.s.f.DefaultMavenResourcesFiltering - skip non existing resourceDirectory C:\pleiades\2023-12\kadai_003\kadai_003\samuraitravel\src\test\resources
2025-03-20 21:00:12,884 [Worker-27: ビルド] INFO  o.a.m.s.f.DefaultMavenResourcesFiltering - Copying 2 resources from src\main\resources to target\classes
2025-03-20 21:00:12,904 [Worker-27: ビルド] INFO  o.a.m.s.f.DefaultMavenResourcesFiltering - Copying 43 resources from src\main\resources to target\classes
2025-03-20 21:00:12,921 [Worker-27: ビルド] INFO  o.a.m.s.f.DefaultMavenResourcesFiltering - skip non existing resourceDirectory C:\pleiades\2023-12\kadai_003\kadai_003\samuraitravel\src\test\resources
2025-03-20 21:02:19,816 [Worker-25: ビルド] INFO  o.a.m.s.f.DefaultMavenResourcesFiltering - Copying 2 resources from src\main\resources to target\classes
2025-03-20 21:02:19,836 [Worker-25: ビルド] INFO  o.a.m.s.f.DefaultMavenResourcesFiltering - Copying 43 resources from src\main\resources to target\classes
2025-03-20 21:02:19,859 [Worker-25: ビルド] INFO  o.a.m.s.f.DefaultMavenResourcesFiltering - skip non existing resourceDirectory C:\pleiades\2023-12\kadai_003\kadai_003\samuraitravel\src\test\resources
2025-03-20 21:03:07,717 [Worker-27: ビルド] INFO  o.a.m.s.f.DefaultMavenResourcesFiltering - Copying 2 resources from src\main\resources to target\classes
2025-03-20 21:03:07,763 [Worker-27: ビルド] INFO  o.a.m.s.f.DefaultMavenResourcesFiltering - Copying 43 resources from src\main\resources to target\classes
2025-03-20 21:03:07,788 [Worker-27: ビルド] INFO  o.a.m.s.f.DefaultMavenResourcesFiltering - skip non existing resourceDirectory C:\pleiades\2023-12\kadai_003\kadai_003\samuraitravel\src\test\resources
2025-03-20 21:07:10,073 [Worker-25: ビルド] INFO  o.a.m.s.f.DefaultMavenResourcesFiltering - Copying 2 resources from src\main\resources to target\classes
2025-03-20 21:07:10,114 [Worker-25: ビルド] INFO  o.a.m.s.f.DefaultMavenResourcesFiltering - Copying 43 resources from src\main\resources to target\classes
2025-03-20 21:07:10,139 [Worker-25: ビルド] INFO  o.a.m.s.f.DefaultMavenResourcesFiltering - skip non existing resourceDirectory C:\pleiades\2023-12\kadai_003\kadai_003\samuraitravel\src\test\resources
2025-03-20 21:11:16,454 [Worker-27: ビルド] INFO  o.a.m.s.f.DefaultMavenResourcesFiltering - Copying 2 resources from src\main\resources to target\classes
2025-03-20 21:11:16,500 [Worker-27: ビルド] INFO  o.a.m.s.f.DefaultMavenResourcesFiltering - Copying 43 resources from src\main\resources to target\classes
2025-03-20 21:11:16,521 [Worker-27: ビルド] INFO  o.a.m.s.f.DefaultMavenResourcesFiltering - skip non existing resourceDirectory C:\pleiades\2023-12\kadai_003\kadai_003\samuraitravel\src\test\resources
2025-03-20 21:18:36,780 [Worker-22: ビルド] INFO  o.a.m.s.f.DefaultMavenResourcesFiltering - Copying 2 resources from src\main\resources to target\classes
2025-03-20 21:18:36,808 [Worker-22: ビルド] INFO  o.a.m.s.f.DefaultMavenResourcesFiltering - Copying 43 resources from src\main\resources to target\classes
2025-03-20 21:18:36,840 [Worker-22: ビルド] INFO  o.a.m.s.f.DefaultMavenResourcesFiltering - skip non existing resourceDirectory C:\pleiades\2023-12\kadai_003\kadai_003\samuraitravel\src\test\resources
2025-03-20 21:19:22,046 [Worker-25: ビルド] INFO  o.a.m.s.f.DefaultMavenResourcesFiltering - Copying 2 resources from src\main\resources to target\classes
2025-03-20 21:19:22,077 [Worker-25: ビルド] INFO  o.a.m.s.f.DefaultMavenResourcesFiltering - Copying 43 resources from src\main\resources to target\classes
2025-03-20 21:19:22,099 [Worker-25: ビルド] INFO  o.a.m.s.f.DefaultMavenResourcesFiltering - skip non existing resourceDirectory C:\pleiades\2023-12\kadai_003\kadai_003\samuraitravel\src\test\resources
2025-03-20 23:44:12,199 [Worker-30: ビルド] INFO  o.a.m.s.f.DefaultMavenResourcesFiltering - Copying 2 resources from src\main\resources to target\classes
2025-03-20 23:44:12,242 [Worker-30: ビルド] INFO  o.a.m.s.f.DefaultMavenResourcesFiltering - Copying 43 resources from src\main\resources to target\classes
2025-03-20 23:44:12,277 [Worker-30: ビルド] INFO  o.a.m.s.f.DefaultMavenResourcesFiltering - skip non existing resourceDirectory C:\pleiades\2023-12\kadai_003\kadai_003\samuraitravel\src\test\resources
2025-03-20 23:47:02,601 [Worker-27: ビルド] INFO  o.a.m.s.f.DefaultMavenResourcesFiltering - Copying 2 resources from src\main\resources to target\classes
2025-03-20 23:47:02,624 [Worker-27: ビルド] INFO  o.a.m.s.f.DefaultMavenResourcesFiltering - Copying 43 resources from src\main\resources to target\classes
2025-03-20 23:47:02,652 [Worker-27: ビルド] INFO  o.a.m.s.f.DefaultMavenResourcesFiltering - skip non existing resourceDirectory C:\pleiades\2023-12\kadai_003\kadai_003\samuraitravel\src\test\resources
2025-03-20 23:56:51,987 [Worker-32: Maven プロジェクトの更新中] INFO  o.e.m.c.i.p.ProjectConfigurationManager - Update started
2025-03-20 23:56:55,950 [Worker-32: Maven プロジェクトの更新中] INFO  o.e.m.c.i.l.LifecycleMappingFactory - Using org.eclipse.m2e.jdt.JarLifecycleMapping lifecycle mapping for MavenProject: com.example:samuraitravel:0.0.1-SNAPSHOT @ C:\pleiades\2023-12\kadai_003\kadai_003\samuraitravel\pom.xml.
2025-03-20 23:56:58,486 [Worker-32: Maven プロジェクトの更新中] INFO  o.e.m.j.i.AbstractJavaProjectConfigurator - Adding source folder /samuraitravel/src/main/java
2025-03-20 23:56:58,486 [Worker-32: Maven プロジェクトの更新中] INFO  o.e.m.j.i.AbstractJavaProjectConfigurator - Adding resource folder /samuraitravel/src/main/resources
2025-03-20 23:56:58,489 [Worker-32: Maven プロジェクトの更新中] INFO  o.e.m.j.i.AbstractJavaProjectConfigurator - Adding resource folder /samuraitravel/src/main/resources
2025-03-20 23:56:58,490 [Worker-32: Maven プロジェクトの更新中] INFO  o.e.m.j.i.AbstractJavaProjectConfigurator - Adding source folder /samuraitravel/src/test/java
2025-03-20 23:56:58,492 [Worker-32: Maven プロジェクトの更新中] INFO  o.e.m.j.i.AbstractJavaProjectConfigurator - Adding resource folder /samuraitravel/src/test/resources
2025-03-20 23:56:59,097 [Worker-32: Maven プロジェクトの更新中] INFO  o.e.m.c.i.p.ProjectConfigurationManager - Update completed for 1 poms: local refresh takes 0.00 sec, refresh facades takes 5.00 sec, update config takes 0.00 sec 
2025-03-20 23:57:00,743 [Worker-36: ビルド] INFO  o.a.m.s.f.DefaultMavenResourcesFiltering - Copying 2 resources from src\main\resources to target\classes
2025-03-20 23:57:00,777 [Worker-36: ビルド] INFO  o.a.m.s.f.DefaultMavenResourcesFiltering - Copying 43 resources from src\main\resources to target\classes
2025-03-20 23:57:00,953 [Worker-36: ビルド] INFO  o.a.m.s.f.DefaultMavenResourcesFiltering - skip non existing resourceDirectory C:\pleiades\2023-12\kadai_003\kadai_003\samuraitravel\src\test\resources
2025-03-20 23:57:50,174 [Worker-34: ビルド] INFO  o.a.m.s.f.DefaultMavenResourcesFiltering - Copying 0 resource from src\main\resources to target\classes
2025-03-20 23:57:50,190 [Worker-34: ビルド] INFO  o.a.m.s.f.DefaultMavenResourcesFiltering - Copying 0 resource from src\main\resources to target\classes
2025-03-20 23:57:50,195 [Worker-34: ビルド] INFO  o.a.m.s.f.DefaultMavenResourcesFiltering - skip non existing resourceDirectory C:\pleiades\2023-12\kadai_003\kadai_003\samuraitravel\src\test\resources
2025-03-20 23:58:15,126 [Worker-34: ビルド] INFO  o.a.m.s.f.DefaultMavenResourcesFiltering - Copying 0 resource from src\main\resources to target\classes
2025-03-20 23:58:15,146 [Worker-34: ビルド] INFO  o.a.m.s.f.DefaultMavenResourcesFiltering - Copying 0 resource from src\main\resources to target\classes
2025-03-20 23:58:15,154 [Worker-34: ビルド] INFO  o.a.m.s.f.DefaultMavenResourcesFiltering - skip non existing resourceDirectory C:\pleiades\2023-12\kadai_003\kadai_003\samuraitravel\src\test\resources
2025-03-21 00:07:43,561 [Worker-27: ビルド] INFO  o.a.m.s.f.DefaultMavenResourcesFiltering - Copying 0 resource from src\main\resources to target\classes
2025-03-21 00:07:43,572 [Worker-27: ビルド] INFO  o.a.m.s.f.DefaultMavenResourcesFiltering - Copying 1 resource from src\main\resources to target\classes
2025-03-21 00:07:43,581 [Worker-27: ビルド] INFO  o.a.m.s.f.DefaultMavenResourcesFiltering - skip non existing resourceDirectory C:\pleiades\2023-12\kadai_003\kadai_003\samuraitravel\src\test\resources
2025-03-21 00:27:33,178 [Worker-41: ビルド] INFO  o.a.m.s.f.DefaultMavenResourcesFiltering - Copying 2 resources from src\main\resources to target\classes
2025-03-21 00:27:33,223 [Worker-41: ビルド] INFO  o.a.m.s.f.DefaultMavenResourcesFiltering - Copying 43 resources from src\main\resources to target\classes
2025-03-21 00:27:33,248 [Worker-41: ビルド] INFO  o.a.m.s.f.DefaultMavenResourcesFiltering - skip non existing resourceDirectory C:\pleiades\2023-12\kadai_003\kadai_003\samuraitravel\src\test\resources
2025-03-21 00:30:25,775 [Worker-38: ビルド] INFO  o.a.m.s.f.DefaultMavenResourcesFiltering - Copying 2 resources from src\main\resources to target\classes
2025-03-21 00:30:25,814 [Worker-38: ビルド] INFO  o.a.m.s.f.DefaultMavenResourcesFiltering - Copying 43 resources from src\main\resources to target\classes
2025-03-21 00:30:25,843 [Worker-38: ビルド] INFO  o.a.m.s.f.DefaultMavenResourcesFiltering - skip non existing resourceDirectory C:\pleiades\2023-12\kadai_003\kadai_003\samuraitravel\src\test\resources
2025-03-21 00:33:15,014 [Worker-41: ビルド] INFO  o.a.m.s.f.DefaultMavenResourcesFiltering - Copying 2 resources from src\main\resources to target\classes
2025-03-21 00:33:15,050 [Worker-41: ビルド] INFO  o.a.m.s.f.DefaultMavenResourcesFiltering - Copying 43 resources from src\main\resources to target\classes
2025-03-21 00:33:15,076 [Worker-41: ビルド] INFO  o.a.m.s.f.DefaultMavenResourcesFiltering - skip non existing resourceDirectory C:\pleiades\2023-12\kadai_003\kadai_003\samuraitravel\src\test\resources
2025-03-21 00:34:47,023 [Worker-41: ビルド] INFO  o.a.m.s.f.DefaultMavenResourcesFiltering - Copying 2 resources from src\main\resources to target\classes
2025-03-21 00:34:47,042 [Worker-41: ビルド] INFO  o.a.m.s.f.DefaultMavenResourcesFiltering - Copying 43 resources from src\main\resources to target\classes
2025-03-21 00:34:47,061 [Worker-41: ビルド] INFO  o.a.m.s.f.DefaultMavenResourcesFiltering - skip non existing resourceDirectory C:\pleiades\2023-12\kadai_003\kadai_003\samuraitravel\src\test\resources
2025-03-21 00:56:17,858 [Worker-46: ビルド] INFO  o.a.m.s.f.DefaultMavenResourcesFiltering - Copying 2 resources from src\main\resources to target\classes
2025-03-21 00:56:17,877 [Worker-46: ビルド] INFO  o.a.m.s.f.DefaultMavenResourcesFiltering - Copying 43 resources from src\main\resources to target\classes
2025-03-21 00:56:17,901 [Worker-46: ビルド] INFO  o.a.m.s.f.DefaultMavenResourcesFiltering - skip non existing resourceDirectory C:\pleiades\2023-12\kadai_003\kadai_003\samuraitravel\src\test\resources
2025-03-21 01:05:54,993 [Worker-50: ビルド] INFO  o.a.m.s.f.DefaultMavenResourcesFiltering - Copying 2 resources from src\main\resources to target\classes
2025-03-21 01:05:55,013 [Worker-50: ビルド] INFO  o.a.m.s.f.DefaultMavenResourcesFiltering - Copying 43 resources from src\main\resources to target\classes
2025-03-21 01:05:55,035 [Worker-50: ビルド] INFO  o.a.m.s.f.DefaultMavenResourcesFiltering - skip non existing resourceDirectory C:\pleiades\2023-12\kadai_003\kadai_003\samuraitravel\src\test\resources
2025-03-21 10:13:15,360 [Worker-53: ビルド] INFO  o.a.m.s.f.DefaultMavenResourcesFiltering - Copying 2 resources from src\main\resources to target\classes
2025-03-21 10:13:15,478 [Worker-53: ビルド] INFO  o.a.m.s.f.DefaultMavenResourcesFiltering - Copying 43 resources from src\main\resources to target\classes
2025-03-21 10:13:15,510 [Worker-53: ビルド] INFO  o.a.m.s.f.DefaultMavenResourcesFiltering - skip non existing resourceDirectory C:\pleiades\2023-12\kadai_003\kadai_003\samuraitravel\src\test\resources
2025-03-21 10:13:29,179 [Worker-53: ビルド] INFO  o.a.m.s.f.DefaultMavenResourcesFiltering - Copying 2 resources from src\main\resources to target\classes
2025-03-21 10:13:29,226 [Worker-53: ビルド] INFO  o.a.m.s.f.DefaultMavenResourcesFiltering - Copying 43 resources from src\main\resources to target\classes
2025-03-21 10:13:29,254 [Worker-53: ビルド] INFO  o.a.m.s.f.DefaultMavenResourcesFiltering - skip non existing resourceDirectory C:\pleiades\2023-12\kadai_003\kadai_003\samuraitravel\src\test\resources
2025-03-21 10:13:57,831 [Worker-48: ビルド] INFO  o.a.m.s.f.DefaultMavenResourcesFiltering - Copying 2 resources from src\main\resources to target\classes
2025-03-21 10:13:57,852 [Worker-48: ビルド] INFO  o.a.m.s.f.DefaultMavenResourcesFiltering - Copying 43 resources from src\main\resources to target\classes
2025-03-21 10:13:57,876 [Worker-48: ビルド] INFO  o.a.m.s.f.DefaultMavenResourcesFiltering - skip non existing resourceDirectory C:\pleiades\2023-12\kadai_003\kadai_003\samuraitravel\src\test\resources
2025-03-21 10:15:15,396 [Worker-53: ビルド] INFO  o.a.m.s.f.DefaultMavenResourcesFiltering - Copying 2 resources from src\main\resources to target\classes
2025-03-21 10:15:15,823 [Worker-53: ビルド] INFO  o.a.m.s.f.DefaultMavenResourcesFiltering - Copying 43 resources from src\main\resources to target\classes
2025-03-21 10:15:15,853 [Worker-53: ビルド] INFO  o.a.m.s.f.DefaultMavenResourcesFiltering - skip non existing resourceDirectory C:\pleiades\2023-12\kadai_003\kadai_003\samuraitravel\src\test\resources
2025-03-21 10:21:00,135 [Worker-54: ビルド] INFO  o.a.m.s.f.DefaultMavenResourcesFiltering - Copying 2 resources from src\main\resources to target\classes
2025-03-21 10:21:00,183 [Worker-54: ビルド] INFO  o.a.m.s.f.DefaultMavenResourcesFiltering - Copying 43 resources from src\main\resources to target\classes
2025-03-21 10:21:00,208 [Worker-54: ビルド] INFO  o.a.m.s.f.DefaultMavenResourcesFiltering - skip non existing resourceDirectory C:\pleiades\2023-12\kadai_003\kadai_003\samuraitravel\src\test\resources
2025-03-21 10:34:33,506 [Worker-56: ビルド] INFO  o.a.m.s.f.DefaultMavenResourcesFiltering - Copying 2 resources from src\main\resources to target\classes
2025-03-21 10:34:33,554 [Worker-56: ビルド] INFO  o.a.m.s.f.DefaultMavenResourcesFiltering - Copying 43 resources from src\main\resources to target\classes
2025-03-21 10:34:33,582 [Worker-56: ビルド] INFO  o.a.m.s.f.DefaultMavenResourcesFiltering - skip non existing resourceDirectory C:\pleiades\2023-12\kadai_003\kadai_003\samuraitravel\src\test\resources
2025-03-21 10:42:30,827 [Worker-56: ビルド] INFO  o.a.m.s.f.DefaultMavenResourcesFiltering - Copying 2 resources from src\main\resources to target\classes
2025-03-21 10:42:30,865 [Worker-56: ビルド] INFO  o.a.m.s.f.DefaultMavenResourcesFiltering - Copying 43 resources from src\main\resources to target\classes
2025-03-21 10:42:30,892 [Worker-56: ビルド] INFO  o.a.m.s.f.DefaultMavenResourcesFiltering - skip non existing resourceDirectory C:\pleiades\2023-12\kadai_003\kadai_003\samuraitravel\src\test\resources
2025-03-21 12:39:26,857 [Worker-69: ビルド] INFO  o.a.m.s.f.DefaultMavenResourcesFiltering - Copying 2 resources from src\main\resources to target\classes
2025-03-21 12:39:26,927 [Worker-69: ビルド] INFO  o.a.m.s.f.DefaultMavenResourcesFiltering - Copying 43 resources from src\main\resources to target\classes
2025-03-21 12:39:26,954 [Worker-69: ビルド] INFO  o.a.m.s.f.DefaultMavenResourcesFiltering - skip non existing resourceDirectory C:\pleiades\2023-12\kadai_003\kadai_003\samuraitravel\src\test\resources
2025-03-21 12:40:36,803 [Worker-75: ビルド] INFO  o.a.m.s.f.DefaultMavenResourcesFiltering - Copying 2 resources from src\main\resources to target\classes
2025-03-21 12:40:36,848 [Worker-75: ビルド] INFO  o.a.m.s.f.DefaultMavenResourcesFiltering - Copying 43 resources from src\main\resources to target\classes
2025-03-21 12:40:36,875 [Worker-75: ビルド] INFO  o.a.m.s.f.DefaultMavenResourcesFiltering - skip non existing resourceDirectory C:\pleiades\2023-12\kadai_003\kadai_003\samuraitravel\src\test\resources
2025-03-21 12:44:09,353 [Worker-74: ビルド] INFO  o.a.m.s.f.DefaultMavenResourcesFiltering - Copying 2 resources from src\main\resources to target\classes
2025-03-21 12:44:09,401 [Worker-74: ビルド] INFO  o.a.m.s.f.DefaultMavenResourcesFiltering - Copying 43 resources from src\main\resources to target\classes
2025-03-21 12:44:09,429 [Worker-74: ビルド] INFO  o.a.m.s.f.DefaultMavenResourcesFiltering - skip non existing resourceDirectory C:\pleiades\2023-12\kadai_003\kadai_003\samuraitravel\src\test\resources
2025-03-21 14:16:43,037 [Worker-7: Loading available Gradle versions] INFO  o.e.b.c.i.u.g.PublishedGradleVersions - Gradle version information cache is up-to-date. Trying to read.
